0 silly input [ 'scope', 'mytool-cli', '--', 'node', 'bin\\cli.js' ]
1 silly flags { _: [ 'exec' ],
1 silly flags   command: 'scope',
1 silly flags   args: [ 'mytool-cli', '--', 'node', 'bin\\cli.js' ] }
2 verbose rootPath E:\fe-demo\demo-lerna
3 info version 2.2.0
4 silly existsSync E:\fe-demo\demo-lerna\VERSION
5 silly initialize attempt
6 silly initialize success
7 silly execute attempt
8 error exec Errored while executing 'scope mytool-cli -- node bin\cli.js' in 'mytool-cli'
9 error execute Error: spawn scope ENOENT
9 error execute     at notFoundError (D:\npm-pkg\npm\node_modules\lerna\node_modules\cross-spawn\lib\enoent.js:11:11)
9 error execute     at verifyENOENT (D:\npm-pkg\npm\node_modules\lerna\node_modules\cross-spawn\lib\enoent.js:46:16)
9 error execute     at ChildProcess.cp.emit (D:\npm-pkg\npm\node_modules\lerna\node_modules\cross-spawn\lib\enoent.js:33:19)
9 error execute     at Process.ChildProcess._handle.onexit (internal/child_process.js:200:12)
9 error execute  callback with error
9 error execute  { [Error: spawn scope ENOENT]
9 error execute   stack: 'Error: spawn scope ENOENT\n    at notFoundError (D:\\npm-pkg\\npm\\node_modules\\lerna\\node_modules\\cross-spawn\\lib\\enoent.js:11:11)\n    at verifyENOENT (D:\\npm-pkg\\npm\\node_modules\\lerna\\node_modules\\cross-spawn\\lib\\enoent.js:46:16)\n    at ChildProcess.cp.emit (D:\\npm-pkg\\npm\\node_modules\\lerna\\node_modules\\cross-spawn\\lib\\enoent.js:33:19)\n    at Process.ChildProcess._handle.onexit (internal/child_process.js:200:12)',
9 error execute   errno: 'ENOENT',
9 error execute   code: 'ENOENT',
9 error execute   syscall: 'spawn scope',
9 error execute   killed: false,
9 error execute   stdout: null,
9 error execute   stderr: null,
9 error execute   failed: true,
9 error execute   signal: null,
9 error execute   cmd: 'scope mytool-cli -- node bin\\cli.js',
9 error execute   timedOut: false }
